#-----------------------------------------------------------
# Webtalk v2015.4 (64-bit)
# SW Build 1412921 on Wed Nov 18 09:43:45 MST 2015
# 
# Start of session at: Wed Apr 27 15:42:46 2016
# Process ID: 17880
# Current directory: C:/Users/lawpark/Documents/hls_project/mcml_project/mcml_project.sdk/webtalk
# Command line: wbtcv.exe -mode batch -source sdk_webtalk.tcl
# Log file: C:/Users/lawpark/Documents/hls_project/mcml_project/mcml_project.sdk/webtalk/webtalk.log
# Journal file: C:/Users/lawpark/Documents/hls_project/mcml_project/mcml_project.sdk/webtalk\webtalk.jou
#-----------------------------------------------------------
source sdk_webtalk.tcl
# webtalk_init -webtalk_dir C:\\Users\\lawpark\\Documents\\hls_project\\mcml_project\\mcml_project.sdk\\webtalk
# webtalk_register_client -client project
# webtalk_add_data -client project -key date_generated -value "Wed Apr 27 15:42:46 2016" -context "software_version_and_target_device"
# webtalk_add_data -client project -key product_version -value "SDK v2015.4" -context "software_version_and_target_device"
# webtalk_add_data -client project -key build_version -value "2015.4" -context "software_version_and_target_device"
# webtalk_add_data -client project -key os_platform -value "amd64" -context "software_version_and_target_device"
# webtalk_add_data -client project -key registration_id -value "" -context "software_version_and_target_device"
# webtalk_add_data -client project -key tool_flow -value "SDK" -context "software_version_and_target_device"
# webtalk_add_data -client project -key beta -value "false" -context "software_version_and_target_device"
# webtalk_add_data -client project -key route_design -value "NA" -context "software_version_and_target_device"
# webtalk_add_data -client project -key target_family -value "NA" -context "software_version_and_target_device"
# webtalk_add_data -client project -key target_device -value "NA" -context "software_version_and_target_device"
# webtalk_add_data -client project -key target_package -value "NA" -context "software_version_and_target_device"
# webtalk_add_data -client project -key target_speed -value "NA" -context "software_version_and_target_device"
# webtalk_add_data -client project -key random_id -value "b9afp9jeia5jf6o9ndkogdvu40" -context "software_version_and_target_device"
# webtalk_add_data -client project -key project_id -value "2015.4_1" -context "software_version_and_target_device"
# webtalk_add_data -client project -key project_iteration -value "1" -context "software_version_and_target_device"
# webtalk_add_data -client project -key os_name -value "" -context "user_environment"
# webtalk_add_data -client project -key os_release -value "" -context "user_environment"
# webtalk_add_data -client project -key cpu_name -value "" -context "user_environment"
# webtalk_add_data -client project -key cpu_speed -value "" -context "user_environment"
# webtalk_add_data -client project -key total_processors -value "" -context "user_environment"
# webtalk_add_data -client project -key system_ram -value "" -context "user_environment"
# webtalk_register_client -client sdk
# webtalk_add_data -client sdk -key uid -value "1461767585907" -context "sdk\\\\hardware/1461767585907"
# webtalk_add_data -client sdk -key isZynq -value "false" -context "sdk\\\\hardware/1461767585907"
# webtalk_add_data -client sdk -key Processors -value "1" -context "sdk\\\\hardware/1461767585907"
# webtalk_add_data -client sdk -key VivadoVersion -value "2015.4" -context "sdk\\\\hardware/1461767585907"
# webtalk_add_data -client sdk -key Arch -value "virtex7" -context "sdk\\\\hardware/1461767585907"
# webtalk_add_data -client sdk -key Device -value "7vx690t" -context "sdk\\\\hardware/1461767585907"
# webtalk_add_data -client sdk -key IsHandoff -value "true" -context "sdk\\\\hardware/1461767585907"
# webtalk_add_data -client sdk -key uid -value "1461767681873" -context "sdk\\\\bsp/1461767681873"
# webtalk_add_data -client sdk -key hwid -value "1461767585907" -context "sdk\\\\bsp/1461767681873"
# webtalk_add_data -client sdk -key os -value "standalone" -context "sdk\\\\bsp/1461767681873"
# webtalk_add_data -client sdk -key apptemplate -value "null" -context "sdk\\\\bsp/1461767681873"
# webtalk_add_data -client sdk -key uid -value "1461767779522" -context "sdk\\\\application/1461767779522"
# webtalk_add_data -client sdk -key hwid -value "1461767585907" -context "sdk\\\\application/1461767779522"
# webtalk_add_data -client sdk -key bspid -value "1461767681873" -context "sdk\\\\application/1461767779522"
# webtalk_add_data -client sdk -key newbsp -value "false" -context "sdk\\\\application/1461767779522"
# webtalk_add_data -client sdk -key os -value "standalone" -context "sdk\\\\application/1461767779522"
# webtalk_add_data -client sdk -key apptemplate -value "hello_world" -context "sdk\\\\application/1461767779522"
# webtalk_add_data -client sdk -key uid -value "1461767857548" -context "sdk\\\\application/1461767857548"
# webtalk_add_data -client sdk -key hwid -value "1461767585907" -context "sdk\\\\application/1461767857548"
# webtalk_add_data -client sdk -key bspid -value "1461767681873" -context "sdk\\\\application/1461767857548"
# webtalk_add_data -client sdk -key newbsp -value "false" -context "sdk\\\\application/1461767857548"
# webtalk_add_data -client sdk -key os -value "standalone" -context "sdk\\\\application/1461767857548"
# webtalk_add_data -client sdk -key apptemplate -value "peripheral_tests" -context "sdk\\\\application/1461767857548"
# webtalk_add_data -client sdk -key uid -value "1461768480174" -context "sdk\\\\application/1461768480174"
# webtalk_add_data -client sdk -key hwid -value "1461767585907" -context "sdk\\\\application/1461768480174"
# webtalk_add_data -client sdk -key bspid -value "1461767681873" -context "sdk\\\\application/1461768480174"
# webtalk_add_data -client sdk -key newbsp -value "false" -context "sdk\\\\application/1461768480174"
# webtalk_add_data -client sdk -key os -value "standalone" -context "sdk\\\\application/1461768480174"
# webtalk_add_data -client sdk -key apptemplate -value "memory_tests" -context "sdk\\\\application/1461768480174"
# webtalk_transmit -clientid 2479020 -regid "" -xml C:\\Users\\lawpark\\Documents\\hls_project\\mcml_project\\mcml_project.sdk\\webtalk\\usage_statistics_ext_sdk.xml -html C:\\Users\\lawpark\\Documents\\hls_project\\mcml_project\\mcml_project.sdk\\webtalk\\usage_statistics_ext_sdk.html -wdm C:\\Users\\lawpark\\Documents\\hls_project\\mcml_project\\mcml_project.sdk\\webtalk\\sdk_webtalk.wdm -intro "<H3>SDK Usage Report</H3><BR>"
webtalk_transmit: Time (s): cpu = 00:00:00 ; elapsed = 00:00:07 . Memory (MB): peak = 49.316 ; gain = 0.000
# webtalk_terminate
INFO: [Common 17-206] Exiting Webtalk at Wed Apr 27 15:43:29 2016...
